{"level":"info","message":"Hello from acquisitions","service":"acquisitions-api"}
{"level":"info","message":"::1 - - [28/Sep/2025:13:35:02 +0000] \"GET / HTTP/1.1\" 200 23 \"-\" \"Mozilla/5.0 (Windows NT 10.0; Win64; x64) AppleWebKit/537.36 (KHTML, like Gecko) Chrome/140.0.0.0 Safari/537.36\"","service":"acquisitions-api"}
{"level":"info","message":"::1 - - [28/Sep/2025:16:14:27 +0000] \"GET /api HTTP/1.1\" 200 40 \"-\" \"PostmanRuntime/7.45.0\"","service":"acquisitions-api"}
{"level":"info","message":"::1 - - [28/Sep/2025:16:14:38 +0000] \"POST /api/auth/sign-up HTTP/1.1\" 200 43 \"-\" \"PostmanRuntime/7.45.0\"","service":"acquisitions-api"}
{"level":"info","message":"::1 - - [28/Sep/2025:16:14:46 +0000] \"POST /api/auth/sign-in HTTP/1.1\" 200 43 \"-\" \"PostmanRuntime/7.45.0\"","service":"acquisitions-api"}
{"level":"info","message":"::1 - - [28/Sep/2025:16:14:50 +0000] \"POST /api/auth/sign-out HTTP/1.1\" 200 44 \"-\" \"PostmanRuntime/7.45.0\"","service":"acquisitions-api"}
{"level":"info","message":"::1 - - [28/Sep/2025:16:15:25 +0000] \"GET /health HTTP/1.1\" 200 75 \"-\" \"PostmanRuntime/7.45.0\"","service":"acquisitions-api"}
{"level":"info","message":"::1 - - [28/Sep/2025:17:24:57 +0000] \"POST /api/auth/sign-up HTTP/1.1\" 400 92 \"-\" \"PostmanRuntime/7.45.0\"","service":"acquisitions-api"}
{"level":"info","message":"::1 - - [28/Sep/2025:17:26:13 +0000] \"POST /api/auth/sign-up HTTP/1.1\" 400 92 \"-\" \"PostmanRuntime/7.45.0\"","service":"acquisitions-api"}
{"level":"info","message":"::1 - - [28/Sep/2025:17:27:30 +0000] \"POST /api/auth/sign-up HTTP/1.1\" 400 92 \"-\" \"PostmanRuntime/7.45.0\"","service":"acquisitions-api"}
{"level":"info","message":"::1 - - [28/Sep/2025:17:27:38 +0000] \"POST /api/auth/sign-up HTTP/1.1\" 400 92 \"-\" \"PostmanRuntime/7.45.0\"","service":"acquisitions-api"}
{"level":"info","message":"::1 - - [28/Sep/2025:17:27:45 +0000] \"POST /api/auth/sign-up HTTP/1.1\" 400 89 \"-\" \"PostmanRuntime/7.45.0\"","service":"acquisitions-api"}
{"level":"info","message":"User registered successfully","service":"acquisitions-api"}
{"level":"info","message":"::1 - - [28/Sep/2025:17:28:04 +0000] \"POST /api/auth/sign-up HTTP/1.1\" 200 109 \"-\" \"PostmanRuntime/7.45.0\"","service":"acquisitions-api"}
{"level":"info","message":"User parthbrajput30@gmail.com created successfully","service":"acquisitions-api"}
{"level":"error","message":"Failed to sign up Cannot read properties of undefined (reading 'id')","service":"acquisitions-api","stack":"TypeError: Cannot read properties of undefined (reading 'id')\n    at signUp (file:///E:/DATA-REC/Code/Web%20Development/project/Full%20stack/Acquitions/src/controllers/auth.controller.js:22:16)\n    at process.processTicksAndRejections (node:internal/process/task_queues:105:5)"}
{"level":"info","message":"::1 - - [28/Sep/2025:17:45:49 +0000] \"POST /api/auth/sign-up HTTP/1.1\" 500 437 \"-\" \"PostmanRuntime/7.45.0\"","service":"acquisitions-api"}
{"level":"error","message":"Failed in creating the user User already exists","service":"acquisitions-api","stack":"Error: User already exists\n    at createUser (file:///E:/DATA-REC/Code/Web%20Development/project/Full%20stack/Acquitions/src/services/auth.service.js:20:37)\n    at process.processTicksAndRejections (node:internal/process/task_queues:105:5)\n    at async signUp (file:///E:/DATA-REC/Code/Web%20Development/project/Full%20stack/Acquitions/src/controllers/auth.controller.js:20:18)"}
{"level":"error","message":"Failed to sign up Cannot read properties of undefined (reading 'id')","service":"acquisitions-api","stack":"TypeError: Cannot read properties of undefined (reading 'id')\n    at signUp (file:///E:/DATA-REC/Code/Web%20Development/project/Full%20stack/Acquitions/src/controllers/auth.controller.js:22:16)\n    at process.processTicksAndRejections (node:internal/process/task_queues:105:5)"}
{"level":"info","message":"::1 - - [28/Sep/2025:17:46:36 +0000] \"POST /api/auth/sign-up HTTP/1.1\" 500 437 \"-\" \"PostmanRuntime/7.45.0\"","service":"acquisitions-api"}
{"level":"info","message":"User parthbrajput3@gmail.com created successfully","service":"acquisitions-api"}
{"level":"error","message":"Failed to sign up Cannot read properties of undefined (reading 'id')","service":"acquisitions-api","stack":"TypeError: Cannot read properties of undefined (reading 'id')\n    at signUp (file:///E:/DATA-REC/Code/Web%20Development/project/Full%20stack/Acquitions/src/controllers/auth.controller.js:22:16)\n    at process.processTicksAndRejections (node:internal/process/task_queues:105:5)"}
{"level":"info","message":"::1 - - [28/Sep/2025:17:46:51 +0000] \"POST /api/auth/sign-up HTTP/1.1\" 500 437 \"-\" \"PostmanRuntime/7.45.0\"","service":"acquisitions-api"}
{"level":"error","message":"Failed in creating the user User already exists","service":"acquisitions-api","stack":"Error: User already exists\n    at createUser (file:///E:/DATA-REC/Code/Web%20Development/project/Full%20stack/Acquitions/src/services/auth.service.js:24:40)\n    at process.processTicksAndRejections (node:internal/process/task_queues:105:5)\n    at async signUp (file:///E:/DATA-REC/Code/Web%20Development/project/Full%20stack/Acquitions/src/controllers/auth.controller.js:20:18)"}
{"level":"error","message":"Failed to sign up Cannot read properties of undefined (reading 'id')","service":"acquisitions-api","stack":"TypeError: Cannot read properties of undefined (reading 'id')\n    at signUp (file:///E:/DATA-REC/Code/Web%20Development/project/Full%20stack/Acquitions/src/controllers/auth.controller.js:22:16)\n    at process.processTicksAndRejections (node:internal/process/task_queues:105:5)"}
{"level":"info","message":"::1 - - [28/Sep/2025:17:48:48 +0000] \"POST /api/auth/sign-up HTTP/1.1\" 500 437 \"-\" \"PostmanRuntime/7.45.0\"","service":"acquisitions-api"}
{"level":"error","message":"Failed in creating the user User already exists","service":"acquisitions-api","stack":"Error: User already exists\n    at createUser (file:///E:/DATA-REC/Code/Web%20Development/project/Full%20stack/Acquitions/src/services/auth.service.js:24:40)\n    at process.processTicksAndRejections (node:internal/process/task_queues:105:5)\n    at async signUp (file:///E:/DATA-REC/Code/Web%20Development/project/Full%20stack/Acquitions/src/controllers/auth.controller.js:20:18)"}
{"level":"info","message":"User parthbrajput@gmail.com created successfully","service":"acquisitions-api"}
{"level":"info","message":"User parthbrajput1@gmail.com created successfully","service":"acquisitions-api"}
{"level":"info","message":"User parthbrajput2@gmail.com created successfully","service":"acquisitions-api"}
{"level":"error","message":"Error in authenticating the jwt token \"eexpiresIn\" is not allowed in \"options\"","service":"acquisitions-api","stack":"Error: \"eexpiresIn\" is not allowed in \"options\"\n    at E:\\DATA-REC\\Code\\Web Development\\project\\Full stack\\Acquitions\\node_modules\\jsonwebtoken\\sign.js:51:17\n    at Array.forEach (<anonymous>)\n    at validate (E:\\DATA-REC\\Code\\Web Development\\project\\Full stack\\Acquitions\\node_modules\\jsonwebtoken\\sign.js:47:6)\n    at validateOptions (E:\\DATA-REC\\Code\\Web Development\\project\\Full stack\\Acquitions\\node_modules\\jsonwebtoken\\sign.js:62:10)\n    at module.exports [as sign] (E:\\DATA-REC\\Code\\Web Development\\project\\Full stack\\Acquitions\\node_modules\\jsonwebtoken\\sign.js:171:5)\n    at Object.sign (file:///E:/DATA-REC/Code/Web%20Development/project/Full%20stack/Acquitions/src/utils/jwt.js:11:18)\n    at signUp (file:///E:/DATA-REC/Code/Web%20Development/project/Full%20stack/Acquitions/src/controllers/auth.controller.js:21:33)\n    at process.processTicksAndRejections (node:internal/process/task_queues:105:5)"}
{"level":"error","message":"Failed to sign up Fail to authenticate error","service":"acquisitions-api","stack":"Error: Fail to authenticate error\n    at Object.sign (file:///E:/DATA-REC/Code/Web%20Development/project/Full%20stack/Acquitions/src/utils/jwt.js:14:13)\n    at signUp (file:///E:/DATA-REC/Code/Web%20Development/project/Full%20stack/Acquitions/src/controllers/auth.controller.js:21:33)\n    at process.processTicksAndRejections (node:internal/process/task_queues:105:5)"}
{"level":"info","message":"::1 - - [28/Sep/2025:17:52:43 +0000] \"POST /api/auth/sign-up HTTP/1.1\" 500 533 \"-\" \"PostmanRuntime/7.45.0\"","service":"acquisitions-api"}
{"level":"error","message":"Failed in creating the user User already exists","service":"acquisitions-api","stack":"Error: User already exists\n    at createUser (file:///E:/DATA-REC/Code/Web%20Development/project/Full%20stack/Acquitions/src/services/auth.service.js:24:40)\n    at process.processTicksAndRejections (node:internal/process/task_queues:105:5)\n    at async signUp (file:///E:/DATA-REC/Code/Web%20Development/project/Full%20stack/Acquitions/src/controllers/auth.controller.js:20:18)"}
{"level":"error","message":"Failed to sign up Cannot read properties of undefined (reading 'id')","service":"acquisitions-api","stack":"TypeError: Cannot read properties of undefined (reading 'id')\n    at signUp (file:///E:/DATA-REC/Code/Web%20Development/project/Full%20stack/Acquitions/src/controllers/auth.controller.js:22:16)\n    at process.processTicksAndRejections (node:internal/process/task_queues:105:5)"}
{"level":"info","message":"::1 - - [28/Sep/2025:17:53:27 +0000] \"POST /api/auth/sign-up HTTP/1.1\" 500 437 \"-\" \"PostmanRuntime/7.45.0\"","service":"acquisitions-api"}
{"level":"info","message":"User parthbrajput4@gmail.com created successfully","service":"acquisitions-api"}
{"level":"info","message":"User registered successfully","service":"acquisitions-api"}
{"level":"info","message":"::1 - - [28/Sep/2025:17:55:10 +0000] \"POST /api/auth/sign-up HTTP/1.1\" 200 109 \"-\" \"PostmanRuntime/7.45.0\"","service":"acquisitions-api"}
{"level":"info","message":"User parthbrajput4@gmail.com authenticated successfully","service":"acquisitions-api"}
{"level":"info","message":"User signed in successfully","service":"acquisitions-api"}
{"level":"info","message":"::1 - - [28/Sep/2025:18:25:52 +0000] \"POST /api/auth/sign-in HTTP/1.1\" 200 121 \"-\" \"PostmanRuntime/7.45.0\"","service":"acquisitions-api"}
{"level":"info","message":"User signed out successfully","service":"acquisitions-api"}
{"level":"info","message":"::1 - - [28/Sep/2025:18:26:17 +0000] \"POST /api/auth/sign-out HTTP/1.1\" 200 42 \"-\" \"PostmanRuntime/7.45.0\"","service":"acquisitions-api"}
